<?xml version="1.0" encoding="UTF-8"?>
<!-- Generated by org.testng.reporters.JUnitXMLReporter -->
<testsuite ignored="0" hostname="DESKTOP-Q2QGO7D" failures="1" tests="1" name="Default test" time="53.605" errors="0" timestamp="2023-05-08T21:07:15 IST">
  <testcase classname="io.cucumber.testng.AbstractTestNGCucumberTests" name="runScenario" time="49.553">
    <failure type="java.lang.IllegalMonitorStateException">
      <![CDATA[java.lang.IllegalMonitorStateException
at java.base/java.lang.Object.wait(Native Method)
at com.Stepdefinations.Browse.listOfAllMenBeautyProducts(Browse.java:182)
at ✽.all men beauty products should be displayed with their prices(file:///D:/Selenium/MyWorkspace/Framework/src/test/resources/Myntra.feature:59)
]]>
    </failure>
  </testcase> <!-- runScenario -->
</testsuite> <!-- Default test -->
