<?xml version="1.0" encoding="UTF-8"?>
<testng-results ignored="0" total="1" passed="1" failed="0" skipped="0">
  <reporter-output>
  </reporter-output>
  <suite started-at="2023-05-11T15:33:08 IST" name="com.testrunner.RunnerTest" finished-at="2023-05-11T15:33:40 IST" duration-ms="32221">
    <groups>
      <group name="cucumber">
        <method signature="AbstractTestNGCucumberTests.runScenario(io.cucumber.testng.PickleWrapper,io.cucumber.testng.FeatureWrapper)[pri:0, instance:com.testrunner.RunnerTest@fa4c865]" name="runScenario" class="io.cucumber.testng.AbstractTestNGCucumberTests"/>
      </group> <!-- cucumber -->
    </groups>
    <test started-at="2023-05-11T15:33:08 IST" name="Command line test" finished-at="2023-05-11T15:33:40 IST" duration-ms="32221">
      <class name="com.testrunner.RunnerTest">
        <test-method is-config="true" signature="setUpClass()[pri:0, instance:com.testrunner.RunnerTest@fa4c865]" started-at="2023-05-11T15:33:08 IST" name="setUpClass" finished-at="2023-05-11T15:33:09 IST" duration-ms="1447" status="PASS">
          <reporter-output>
          </reporter-output>
        </test-method> <!-- setUpClass -->
        <test-method signature="runScenario(io.cucumber.testng.PickleWrapper,io.cucumber.testng.FeatureWrapper)[pri:0, instance:com.testrunner.RunnerTest@fa4c865]" started-at="2023-05-11T15:33:09 IST" name="runScenario" description="Runs Cucumber Scenarios" data-provider="scenarios" finished-at="2023-05-11T15:33:38 IST" duration-ms="28548" status="PASS">
          <params>
            <param index="0">
              <value>
                <![CDATA["To verify, List of All Men Beauty Products with their prices"]]>
              </value>
            </param>
            <param index="1">
              <value>
                <![CDATA["Optional[This file contains the Scenario with respect to Myntra WebSite]"]]>
              </value>
            </param>
          </params>
          <reporter-output>
          </reporter-output>
        </test-method> <!-- runScenario -->
        <test-method is-config="true" signature="tearDownClass()[pri:0, instance:com.testrunner.RunnerTest@fa4c865]" started-at="2023-05-11T15:33:38 IST" name="tearDownClass" finished-at="2023-05-11T15:33:40 IST" duration-ms="2131" status="PASS">
          <reporter-output>
          </reporter-output>
        </test-method> <!-- tearDownClass -->
      </class> <!-- com.testrunner.RunnerTest -->
    </test> <!-- Command line test -->
  </suite> <!-- com.testrunner.RunnerTest -->
</testng-results>
