<?xml version="1.0" encoding="UTF-8"?>
<testng-results ignored="0" total="1" passed="0" failed="1" skipped="0">
  <reporter-output>
  </reporter-output>
  <suite started-at="2023-05-08T21:06:22 IST" name="Default suite" finished-at="2023-05-08T21:07:15 IST" duration-ms="53605">
    <groups>
      <group name="cucumber">
        <method signature="AbstractTestNGCucumberTests.runScenario(io.cucumber.testng.PickleWrapper,io.cucumber.testng.FeatureWrapper)[pri:0, instance:com.testrunner.RunnerTest@4686afc2]" name="runScenario" class="io.cucumber.testng.AbstractTestNGCucumberTests"/>
      </group> <!-- cucumber -->
    </groups>
    <test started-at="2023-05-08T21:06:22 IST" name="Default test" finished-at="2023-05-08T21:07:15 IST" duration-ms="53605">
      <class name="com.testrunner.RunnerTest">
        <test-method is-config="true" signature="setUpClass()[pri:0, instance:com.testrunner.RunnerTest@4686afc2]" started-at="2023-05-08T21:06:22 IST" name="setUpClass" finished-at="2023-05-08T21:06:23 IST" duration-ms="1355" status="PASS">
          <reporter-output>
          </reporter-output>
        </test-method> <!-- setUpClass -->
        <test-method signature="runScenario(io.cucumber.testng.PickleWrapper,io.cucumber.testng.FeatureWrapper)[pri:0, instance:com.testrunner.RunnerTest@4686afc2]" started-at="2023-05-08T21:06:23 IST" name="runScenario" description="Runs Cucumber Scenarios" data-provider="scenarios" finished-at="2023-05-08T21:07:13 IST" duration-ms="49553" status="FAIL">
          <params>
            <param index="0">
              <value>
                <![CDATA["To verify, List of All Men Beauty Products with their prices"]]>
              </value>
            </param>
            <param index="1">
              <value>
                <![CDATA["Optional[This file contains the Scenario with respect to Myntra WebSite]"]]>
              </value>
            </param>
          </params>
          <exception class="java.lang.IllegalMonitorStateException">
            <full-stacktrace>
              <![CDATA[java.lang.IllegalMonitorStateException
at java.base/java.lang.Object.wait(Native Method)
at com.Stepdefinations.Browse.listOfAllMenBeautyProducts(Browse.java:182)
at ✽.all men beauty products should be displayed with their prices(file:///D:/Selenium/MyWorkspace/Framework/src/test/resources/Myntra.feature:59)
]]>
            </full-stacktrace>
          </exception> <!-- java.lang.IllegalMonitorStateException -->
          <reporter-output>
          </reporter-output>
        </test-method> <!-- runScenario -->
        <test-method is-config="true" signature="tearDownClass()[pri:0, instance:com.testrunner.RunnerTest@4686afc2]" started-at="2023-05-08T21:07:13 IST" name="tearDownClass" finished-at="2023-05-08T21:07:15 IST" duration-ms="2526" status="PASS">
          <reporter-output>
          </reporter-output>
        </test-method> <!-- tearDownClass -->
      </class> <!-- com.testrunner.RunnerTest -->
    </test> <!-- Default test -->
  </suite> <!-- Default suite -->
</testng-results>
