<?xml version="1.0" encoding="UTF-8"?>
<!-- Generated by org.testng.reporters.JUnitReportReporter -->
<testsuite hostname="DESKTOP-Q2QGO7D" failures="0" tests="1" name="com.testrunner.RunnerTest" time="49.553" errors="1" timestamp="2023-05-08T21:07:16 IST" skipped="0">
  <testcase classname="com.testrunner.RunnerTest" name="runScenario" time="49.553">
    <error type="java.lang.IllegalMonitorStateException">
      <![CDATA[java.lang.IllegalMonitorStateException
at java.base/java.lang.Object.wait(Native Method)
at com.Stepdefinations.Browse.listOfAllMenBeautyProducts(Browse.java:182)
at ✽.all men beauty products should be displayed with their prices(file:///D:/Selenium/MyWorkspace/Framework/src/test/resources/Myntra.feature:59)
]]>
    </error>
  </testcase> <!-- runScenario -->
  <system-out/>
</testsuite> <!-- com.testrunner.RunnerTest -->
